2687.64
2751.63
1591.29
2628.99
2356.59
3110.22
4367.35
2725.12
4209.84
2666.82
3461.85
2562.43
2461.22
1819.26
2846.43
2853.66
3105.28
2428.76
1280.24
2965.10
2083.64
3489.36
1533.32
3628.28
5111.30
2294.10
2527.23
2067.84
2224.24
2056.26
3491.55
2720.13
1646.63
2232.35
3918.72
2172.03
1878.24
1610.62
4311.64
2916.68
2744.76
2448.36
930.22
2285.53
3817.62
3374.55
3682.88
3012.50
5050.51
4407.01
1905.01
3617.41
2694.80
2783.96
2905.57
1437.45
1731.25
4466.86
3751.96
3498.88
1850.86
3159.84
3960.85
3118.73
2422.38
1834.10
3489.31
3527.27
2572.34
4639.44
4240.68
3055.76
1861.36
2484.72
2726.09
2007.88
2581.82
2780.24
2886.57
3948.31
5228.39
2339.74
1918.15
1687.79
1764.29
3793.37
3701.74
3140.09
3979.70
2793.09
3477.97
3970.27
2047.92
3998.18
1270.06
2647.58
3355.77
5053.13
3143.61
3708.72
