5010904
2141718
4801993
8684134
8861101
9532101
9381770
5453399
7651952
1097255
5893352
3481384
3116746
3511457
9497863
8375361
5165771
7113247
8582888
9600611
1673075
8045157
1475948
79544
4761728
8607335
1476785
8766394
9128904
490162
9414796
6817146
5469614
5388698
2778355
8420654
9610700
9011963
9782013
4983335
2065616
9920317
3294171
4745994
5982815
4487344
5174460
8510432
9448384
7209288
9992233
6875815
8621713
6463907
1637860
2545263
9459254
9504516
4020859
5607351
4566918
518172
9289979
3322705
5594240
2631036
7079443
918833
9777449
1800954
7865827
3061892
2260734
6560906
860087
6019061
2768352
3179166
4549924
5914595
4811031
1242424
1726039
7900385
7870632
7414251
6934616
2081408
7189896
9185516
3161258
6057670
5668290
5281909
843959
6846140
303835
4026942
5436661
8522854
4056902
9953092
3495086
4810762
3980042
7420480
6845754
5198173
7306097
1172736
84262
5005998
4895464
1246941
3972939
3110452
3034725
6984280
8548533
7321451
3563159
1608344
2423269
1507115
3011545
6919173
2627363
4036880
8168277
1005777
1405433
5372120
5332552
4204009
6921537
1620080
1245403
9205792
9208249
2326930
9172524
9688403
4072641
5255410
4147830
5165760
7675539
1929137
1249153
6870561
7177913
215673
8535659
706473
1150277
3935790
7148091
7434179
9733801
5024940
1273173
1063736
6021659
4915308
11219
6229022
9519624
7384280
6719888
3871382
6564688
7324868
20284
1240258
9471486
3610683
7107823
2510332
9951687
5134181
5150220
7032205
9147186
198339
7257207
2049867
5627062
5013331
5437563
5267209
6582206
1702238
5660171
8609500
2507280
4036565
1296040
5029432
6581234
308654
5047396
5636873
206110
3023833
4345252
8291781
1247711
7950689
4423531
6789922
8785053
4126878
9343106
8141658
7673341
5187458
8491701
1352781
288310
1732383
3550319
7795477
8537778
4413605
8994988
3084546
8736871
169488
4313805
381706
7002310
9088831
7367194
8979228
7605683
4329905
8410031
6583683
3295076
767423
8861981
8585729
1799065
4119810
7328544
6698134
4341518
4601288
4489756
7153065
6828659
9481726
1692328
4675575
8666982
7299361
9100968
4220265
4173282
9582503
4758605
9788378
2978516
1089974
8926201
6947313
4972572
5723954
2531099
1816523
9898400
2789191
788109
7176592
9212861
6227521
2290061
4695638
8651012
7626987
3345037
5153315
2002704
6316409
6086903
9361443
4584001
3055684
7532153
4523598
2570777
4036573
6585398
36000
3472654
9675664
3633536
453260
6395479
8638035
6987426
6939843
8875104
3755379
8265334
3194377
2466098
8689169
8012282
4462424
7749738
9729775
6580354
3137841
8827084
1006078
1395140
8064986
1016104
6226766
6031264
9599604
2962425
7351791
2965437
6377803
8498424
2910169
8541279
5734557
7617416
9444881
7107816
4262039
582525
7479188
9777475
5210764
192147
8102628
2469145
8359044
84035
9512935
2190405
3795799
4056305
4276130
5331354
4155722
1267151
5064894
3576303
8631467
9138339
449059
8129331
3139180
5697230
2784176
7362104
1661097
2424960
2144491
3081875
3035866
1498408
6782318
6865993
4889783
5339181
5774893
3400797
8200582
4816342
4835689
5063661
9688811
957743
7274286
1531513
1178840
2790969
7521699
7952772
4256472
4168063
7139180
9294240
1210720
6047044
1222712
8504236
1413397
452639
5365225
9853326
7954883
9516175
5407848
3975916
4487574
556463
5847693
9495280
3131539
7615204
5314281
7581193
6029190
5841239
2282653
5426068
1849737
2430135
8639019
6241334
5736154
6577802
4055525
9650787
5337784
3983867
6975593
2987547
5234688
3622018
8917240
8878466
7727383
6477988
62625
5991594
5345063
2047744
5267812
6102124
7504440
5748881
9074921
3350354
5089374
7571247
9881894
8277238
2307094
8137544
5954988
8608375
3652225
4632663
7429747
8766062
9626990
4744341
6017858
1743347
2807381
9404259
9378092
7240572
5478653
8096780
7800383
1214656
1237650
1534993
3895453
5990106
9672837
5860910
5955977
1600714
111261
5644991
3789548
1173969
6699323
1054981
8975170
6656987
9658753
9084518
4698201
6456470
1703698
3544093
4288607
5758082
3821815
5121448
2914429
2167307
6595191
7702147
5216586
513840
679130
6883915
5523498
3510848
5373177
1689393
9575195
6082170
3910068
9466389
7554804
2455158
9688841
553780
4129969
5167062
2157476
7571193
401393
41657
6276884
2956900
4089918
499796
1253733
8753935
5310230
6944666
5699082
6832589
8253985
3069831
1270695
6918732
1852290
1374013
6140917
7188036
2442775
5388580
1921068
2683682
2510559
7397733
2690667
7848286
7021185
1509133
8362949
9553834
2421636
6742341
6782011
3395770
2799372
7542168
3297770
1681724
1574220
3989084
4684954
5827171
2357636
2674001
3449980
7686943
7119817
9459441
9105650
2187358
3259169
3352580
2825404
2314019
7930446
6528636
866322
2822047
287635
7926633
8533026
5927255
4580794
2995420
5147387
5194406
2618903
9020976
4822367
801808
4157959
9078407
3589201
7525336
7517392
4859656
9011147
8305972
8871010
6238949
3991321
3015960
99786
4719748
7403094
3620166
1706035
1343521
6061846
3878049
9639012
9800811
4902010
3642507
919259
5222430
7184371
4202566
7366341
1783007
4205299
8776796
4147830
9374393
7937188
550090
113825
7212508
6341629
4614015
6553892
5751221
7298578
8942288
1955921
5962648
5028262
8537561
5821449
1350646
7642068
4915528
9002702
7895011
3074517
2819708
30492
277311
9303267
2033091
4581158
6051066
5641856
7587516
4046520
7466399
9839328
278332
8031141
2320861
5497512
4688483
9789559
5494155
4350548
1118856
1034473
681453
7298621
7299761
5055679
6086743
5286237
7743255
1921277
8681217
6450620
2599053
8506173
452424
6209841
36278
3528700
7477740
2656547
2796121
7766414
8288613
4428060
3719250
2923519
3955762
8424121
2894624
8582501
4029914
4553100
1718215
8729627
8434341
9217275
5396582
1191144
6561871
776805
474062
1053685
5005745
257970
1642196
4272690
6264311
9837629
7046664
1031815
3231283
6700861
1049519
197624
9381501
1411531
7638675
3240177
2975359
7957441
1799551
2769404
9085783
3020877
4891767
5181523
9379755
3072489
76614
7483312
9324374
6139728
7412772
5844272
3727372
687454
3446645
9915615
3978578
1311461
1836154
1166006
6099974
1320927
7885466
4876758
1832484
4134280
2776052
6816974
6847005
9895329
4949609
1459768
8098381
9321651
929722
260537
8553275
5113927
2488028
6843202
3704304
2328066
6657736
5510882
5073319
3095685
7724400
3517739
2533016
8115288
2295822
3224380
2202325
8451936
8331378
3029124
1412237
7064930
4558516
3715350
6660777
8204267
8506598
8643459
7108666
9803544
3501560
3998945
9016520
6370659
2383778
165798
5354837
283664
9530667
5340567
7753905
6568921
6596992
3996107
4987467
9759280
9419308
9471147
4364721
5346423
7873034
9646447
1208322
7570762
7825421
8242957
6029653
8886353
9109358
6470825
2822212
2469792
6095233
6153037
8400875
3903197
9423833
3964441
308118
8910602
884995
2426070
3709798
3687376
8217037
9793320
2682666
6993239
5054974
9288601
4244023
6700047
8712792
5948065
3703705
9481322
8721008
3454808
4634963
3251006
925320
3344544
6744802
6872975
2903372
4710134
1453679
2487101
8565944
5362498
7831539
3581968
8188691
7603249
9395651
374040
6837959
7516046
7429353
2565327
6435587
7350861
3436879
5455669
8237710
6346789
1936483
1036610
5023984
1535332
2895368
7112942
1308454
7545614
5699015
1175129
281178
7220147
7126194
5925532
4561114
5378497
8214140
2642629
5147069
6494420
9150866
1710243
2481959
1999294
8075780
9356882
2916648
5334659
806595
4611582
1126088
7374379
5102026
7609024
9708792
723812
6606922
9055439
7483312
5211816
6245982
5872943
8535451
4466159
8242055
6627295
7964940
2579438
4713952
9329580
6044875
4690087
1894895
7664496
5874259
8320253
2461164
3732345
1304103
7617502
852215
3618677
9807678
6594737
8209287
5891990
8387446
7328837
3936639
2971196
6137711
7373947
6517397
3098307
4988649
1958863
5165199
2344735
2486383
3293830
2691744
1069888
9332267
5093670
4558928
8149176
8263862
5794833
2956371
6509078
4601391
2573503
260191
63348
2388406
8118056
6778005
6675553
282205
2685439
1636030
3917182
2286410
6765950
7802401
128609
7210730
8953767
1717267
2486946
5174757
3608061
1624856
1113383
7086971
7493726
5270032
4666460
7297638
6969131
8041557
275471
1262595
5326189
1357555
1619452
9184868
3181479
8461137
8431266
4096512
7352247
7541425
9061628
6351550
445174
9451636
1185375
5940711
5076417
8994699
2137001
2806726
1489722
6176432
1988208
482738
1483807
8284558
268537
4020303
9296552
8187618
7109274
6536919
8656490
711466
9720358
1959533
2895833
7066963
497276
5308708
7058598
7497301
3183586
7696043
8341022
2597049
1670508
8244732
7903737
6602769
1105585
4307257
718222
9178976
3301538
7330898
3677110
3249071
937158
9026268
1149174
6026026
5726412
367459
5627689
4384796
3697277
5612850
3330617
7154058
4412416
3113324
5530309
1753445
7745793
7877608
1130818
6658866
3414120
9552230
6339232
2974823
8198893
7473573
780712
6060338
3172481
976451
4669952
1909989
987748
9999533
3565369
6398665
6895079
1469056
1080220
568518
6739867
1939896
7046274
8990399
1616441
4014715
8205146
9918161
4691095
8655323
5683782
1608981
8746504
4388000
7055825
4482813
7698595
8766524
6442479
6239949
3759051
8557518
8756186
3687182
7515593
7797748
8107308
6208407
1600409
3351754
9646276
7911711
9931676
7502225
5958794
8885845
5437660
1866511
5599519
7802693
9147359
3273722
8589912
867294
9124792
5843142
9303793
8999386
3522738
7880495
6784288
7693468
9880687
5099804
8722578
4018501
1888361
5438992
9830702
5089964
651395
6909703
7198948
2515198
90116
8039002
2646181
6728514
5386293
9155850
624807
1006398
7733925
7058396
4634334
1167062
8800478
3039439
5428543
1077055
503581
513920
586789
6530840
6314527
5440166
9311051
3283227
7623216
3506307
2977086
9228874
778490
1160459
7353470
7349928
4721356
911611
4265587
9081011
1166274
5694699
7262853
1951266
4790100
4531271
8245980
8078135
9746537
1294124
6130623
9317249
96724
8917166
1516325
6931076
5100308
3880296
8786503
5623724
436053
5971868
8875935
9783535
798210
1124125
2956104
1029547
7990879
3655286
9718479
4225449
8097721
6242856
8617301
6305997
8680209
2948790
9810394
347838
2209562
9470494
6631291
6563035
9757884
2989004
7364989
4025200
5891571
8435108
377428
7698232
7165502
2766236
4712436
2954762
3452120
391542
7729183
6484503
1654406
8077370
1233032
8864541
5909572
3902032
6567656
4394108
6629513
7887818
75978
2076815
2960136
8547011
1526896
6315698
3447915
1819245
8706706
8011169
3640425
8809425
7355901
810334
1350524
8640035
4676392
4766634
3131137
6543572
3557404
5051840
6854696
9936934
7280470
4191662
8171317
3153752
7883119
2946070
8256460
5360748
3883748
9725341
2936828
2337835
5221005
3914460
1891287
5781960
2089688
851984
7644374
6241063
8119047
9990104
3721740
6809095
3682196
1343283
132775
2597899
8881643
4214653
1275763
7515898
370623
1512819
2459528
1204130
8316807
9392925
7454484
6847957
4830465
1134783
5158681
1208189
2959141
6623946
2154906
4338779
847447
9524097
1462799
8827830
5695331
8597480
6108484
569535
6070159
6249709
8833451
8798326
4338496
8979166
7004092
7105815
715593
9956265
6625921
3780991
1637799
6804530
1818384
4354726
9912372
9566185
8891533
1150161
2001036
5273369
7787113
5452013
8297728
9376955
423048
1919304
1047191
9458764
8043621
7998227
7151451
8684141
7271094
3071761
8253351
6751168
5745608
5437349
8029107
4367915
7567046
1322140
7631136
9815238
2113275
7459539
8763667
6879733
4421205
6042780
9000325
9595934
3629444
1864477
883356
4032697
5440019
5736708
4585052
2734403
4960726
5205587
3785755
3795466
8464484
7965674
8503325
3097032
1078564
2266917
1462904
7258579
45975
4607594
5919582
5052063
4616533
8571657
3605705
9648951
8164854
21854
3532219
4102434
700522
8639285
6136971
5233382
5936771
9833106
7718830
4767990
6720655
6712763
616165
7532066
1057633
6969655
7909381
7492589
8128237
347240
6841887
7284394
8386843
1264237
5402571
401075
511833
1098675
7268936
3765908
3614910
6026750
194738
7870574
7837674
6071376
3921717
303055
8910959
8396340
6667272
2796186
284599
1193212
4739435
9812340
4218875
1296150
4194115
4446037
2485326
3805887
178427
272981
2688658
6519960
4107120
1359316
503562
146875
2604212
9809709
7238456
7766229
7442630
5770160
75331
3460518
8295857
590467
1235914
6245443
5362357
7080742
3919044
3498070
7340066
9792752
9070281
2698996
5938228
5901680
2172930
5449376
5940220
8493244
6004895
2678757
4280238
1210537
7813533
8915620
1829257
2212524
9406763
6018742
5838454
2475257
8742526
3604524
3041461
4716453
5000437
6332931
7204873
4798761
7788778
1572904
522176
4539968
4232811
2857001
5083213
7771082
5831031
8489648
2933133
1363130
1874786
8145518
7780163
5461359
2260070
8299719
5896099
9473055
7489160
4319028
4361222
5736315
1227696
8421011
5928132
3866066
1495016
1346
960592
5758466
7863288
5071907
4110218
7123830
1357354
3199421
4721684
6851836
8681765
2332155
4725988
6418565
8729070
7808287
4148532
2040180
8566626
8268658
7596609
1508432
8601294
5189105
2671392
5291822
1924066
9000407
9505288
4804050
7965007
6242186
7728000
1166991
6870287
3144723
7032171
6384773
9740607
9657555
8332890
9100152
3212913
1897625
4746629
3890050
168689
1043962
7515212
4538892
7164239
8273622
1636210
4268443
733895
2396229
6049732
1255305
535984
5112395
1748345
8127430
2264648
5912201
9149333
2244286
3250004
6759612
2427475
2257495
2916330
9738375
7905142
9502743
739454
6267642
6251160
1502919
8705951
1005539
574970
7128577
6216848
6327904
7562611
1194188
1693813
2533804
8830877
5202189
9786539
1623027
2843170
8716370
8675961
8325217
2392611
3999601
2533642
2168005
6339891
9339941
9805016
8746413
4396679
3478108
8685682
1495531
8854794
8604723
4617112
8710788
3511403
2845542
2783721
3826873
7836668
8330830
9445805
2393814
981731
5007931
9628054
5920110
9652544
8800895
811440
9249606
1086718
3279949
8728967
3295762
4805660
805880
2570212
6005267
6187019
847506
207808
1315085
8839926
502934
7135957
2504106
6273397
4155641
8103532
6281869
2866978
6969649
4632035
7943423
6346627
566774
3112094
3030613
3506541
2456060
4742489
5265157
4959607
1364369
2776361
8373685
9083900
5804648
6347367
3859043
3039733
453146
3702826
5345712
2217445
1839235
6549806
4223957
4479326
9363168
541829
8368433
3062452
9257010
8484875
9202040
9889398
9413725
711520
1158692
951025
3371174
2874833
4687442
7687823
759847
1868325
5153847
543313
6856984
3624736
8905840
7953738
8391857
8531996
6606896
1129815
955466
1321292
7224280
7276781
5874224
5415380
6650005
3966970
1500589
4308248
7270944
3921261
2150788
8732471
9099021
6043693
6875905
3197354
5412647
4260473
826208
2064433
3580717
506354
8131679
3053834
3065597
3495089
9264866
9740066
1267827
4013141
2720918
7989903
4877949
8154223
1900551
5979223
206883
5617073
4123720
4959123
17540
8983826
7572535
634747
3212363
2788130
765148
6650368
3645273
1236468
5480730
3070506
4605799
8237144
4315347
7287168
4580938
1663090
7886225
2397291
8155215
8582781
3712955
4575640
5329131
7589077
1238905
6660552
3185000
2931278
4201951
6352902
1889536
2824548
3235727
203730
8324825
5273838
418825
4170093
2976389
3094918
5645962
324149
8669078
569184
538354
3607659
3603719
9860444
7327722
7151704
9237574
9312447
4556437
6561240
36653
5471074
1184425
4601817
4123521
8322133
2387642
6334711
1744898
6017395
1652156
6984282
8458119
4432901
9498842
3547945
1291568
8413626
125559
9371961
876369
796565
7089260
1996135
7443034
8367020
5788499
4108932
3415365
7939298
5131347
6755954
7606817
6501239
5492448
4986601
854064
7199895
6250485
2924431
7159970
5281800
5417694
4369868
5327119
9595937
1118697
6741225
7890805
683953
6940316
7098326
8488356
2372436
3830259
160056
8200241
8381791
5512455
5054922
8500757
4909384
6091675
3387148
6826068
9156630
199141
5688191
148887
2360170
6649854
9387716
3181230
5655756
6088838
3664484
6997964
5337770
7633646
8356976
1944073
2625923
6953674
2851339
5350961
6308050
4580291
1416186
7569723
1090664
7748307
2224220
8935023
3679105
1721038
2227345
8077043
1028556
3394397
4985096
3420476
3338923
942787
4065021
9457096
686541
6936641
3431240
2375752
3206068
1779193
7995482
8234053
2622241
9971137
2341377
3516189
2242560
8236488
4031194
5655989
4470209
2485639
1073826
3026389
3383762
7169428
6326512
2671152
6786160
1695268
1597503
2996092
8661376
1021261
9005353
1797554
397084
1540982
3091482
8149004
4751293
3896214
9541088
6613484
717927
6657517
6348392
1432185
8857354
2332030
128667
4900633
3354644
615042
687596
5863272
2398642
2113240
4076337
2399041
2769138
2649457
5210082
2420673
9961574
3539146
5424387
2294446
3913664
4895724
6320238
9555397
2796360
9203760
4812356
4287154
7323138
24177
5155752
2204783
5732707
6650676
8102311
2331833
1200189
8227308
9230213
6865906
4684886
4972150
9522486
6013454
1212277
7185007
888893
1877490
3189384
7668272
2724308
6081872
7128989
1535454
2066305
140565
3136272
1142154
6744128
4928569
4462287
3945595
5719523
9428313
3558399
3963292
288527
42018
5459619
9120771
6017190
5422213
6813921
5782446
1582690
6446383
2224244
4574925
1014202
8250641
2898284
697359
2093366
5563180
3327668
6248036
9580553
87943
8613024
1525171
8632682
6512510
8464044
6914152
1683441
8082541
6334153
6926274
8462610
9765432
6470550
4668973
4262659
5551067
5654195
5459986
4237422
110958
8309915
6751054
3228952
2175892
4325988
7108380
2433786
8422846
2243627
7152545
1069965
7193867
6996108
5112345
9501791
7443196
7147184
8033742
8060293
1791106
2577750
1749847
9949779
3545578
8256884
4034806
8638973
5887866
894931
1883446
9680659
320460
3054875
3438653
3950603
3591988
5682936
8477349
693234
843498
3495206
936362
3290769
955769
2157158
6950893
9365935
6228
4422960
9473399
4844371
2863437
3434658
4862932
4442934
3716023
2157965
2467351
8218376
1460646
9291474
9415340
1241087
1208629
9860550
8624118
8201620
9059465
883293
4914676
4392433
7897887
1938502
5002121
4269055
33500
7134174
1503712
8164096
1361657
3036272
5056093
6781828
235053
3144908
7822454
9071032
6750722
1939052
4976753
4012785
5942434
9752920
6448327
9251625
7657352
7892114
7029312
9654673
3599405
9443645
75008
8434260
4826475
2832625
5144622
3524717
7668043
1721352
6279314
1058470
3173254
860561
3538183
5274699
9443423
6270016
1616718
2661468
3926816
879908
8644324
6500763
7449314
4781511
9296297
8967227
8489076
3566815
6196544
9168911
2684181
2801264
7750342
9248029
8434355
2208851
8307536
9746890
4246604
5070601
4432485
7431590
2875460
769565
6284122
6156118
9906674
4015422
3670653
5582750
4642403
9049559
6038797
1983587
8604559
8570694
2822162
8538535
3105484
1857017
4895991
8424977
1849700
302427
7695176
9789949
784626
6019628
3379387
128301
5231705
9763070
8954656
9306270
4923065
9721885
361314
8029866
4531638
4924361
3703135
9695870
3923797
7425140
776340
2042719
4998595
9942269
5197289
589103
7944390
2145873
7131744
5909320
2468276
5608963
100912
8307737
3365160
6962456
5742203
6535243
6187546
4558657
4683782
7073330
2477201
3172209
8218089
8284746
4627927
580268
9131105
7386529
5644662
4605153
3153332
5438871
186224
6274543
1406353
4362791
6495579
5313555
5374729
4219230
8332054
9618832
7217283
5153889
6395616
2622576
5829193
4189277
5606964
6740561
5980939
2189500
9480652
4888096
8505244
2191705
2236274
4760488
3301941
4102903
2478218
1607265
4872348
6341886
2341616
9128838
7223126
1465891
5429262
6861952
4851337
107704
2653918
1172504
7102032
9084137
9323873
4757375
39811
8915752
3480309
3709381
9295302
6336911
4025598
