91591
25089
25121
53508
62951
35919
27911
71293
91669
62009
91751
43595
34339
43044
43125
52755
91395
81401
28519
91756
91371
91778
34972
62914
91335
91704
42629
43131
26540
81948
25652
82098
91289
53456
71618
62613
71310
71569
71880
81699
42612
72476
81520
62718
35872
72288
82226
28163
51807
82190
61821
34019
43772
34944
35083
34178
62771
71393
52008
82078
81323
62258
34862
35734
61961
53153
81207
34811
43749
72136
71685
61639
62987
81441
72380
43009
35735
61910
27695
33053
42358
51811
62884
81511
61633
53406
71458
28688
33093
33973
72113
72274
33975
71769
62672
71941
43667
81964
43113
43385
