4454124.58
8129002.74
9354836.08
969715.93
3035637.77
4336225.88
9508498.65
8371310.38
6086431.77
7978774.58
4167491.51
2088413.89
9820879.59
6894247.18
7257710.59
5096457.01
809718.38
2432896.0
4803932.23
7582835.61
3075360.45
5014875.76
4592686.11
7648989.44
3372266.46
9735595.8
2125922.29
128081.92
1593927.03
2072140.45
8474504.47
9066400.52
8711241.49
6997399.3
4248466.85
92027.09
6116985.25
1981756.35
8590677.33
5660671.81
7300939.77
2349862.19
1574641.43
2199131.52
5417680.71
4733407.06
557890.83
7955670.0
418556.14
2065500.59
3912509.6
1820520.64
1897195.65
6018970.82
8866925.19
6099018.67
5507963.39
2671230.42
9697187.7
6158167.75
9083489.44
135896.45
6806579.8
5411350.04
1507598.21
4477637.25
8563074.66
2245577.41
4806417.76
9119349.13
9339481.01
5030590.8
5818990.07
7928838.89
4779468.24
6068790.99
4066931.41
8493418.04
2758433.46
9906893.19
9282984.71
4901097.27
7217742.05
6249730.54
9560448.25
4803775.29
5434064.19
116967.75
1599724.16
8707791.55
8327761.55
1084539.87
410596.2
2176194.25
1670681.48
4975599.86
7576464.91
6924714.11
3079074.05
7948438.41
