1152
2208
-2432
2302
-769
4411
-863
-580
5712
3733
7104
-2859
530
843
3383
4678
2600
1075
2397
1365
-2365
581
-539
4830
2838
3709
2319
5077
2805
-946
-1456
1064
-972
548
2271
5703
-687
-3427
-2780
3557
2904
-1958
-3548
-1714
-1250
6718
5553
6839
960
2885
6151
4798
2745
2923
-1643
-942
4150
-1779
-2396
-1216
-2292
798
814
3305
-3437
-967
-693
-2055
2276
-813
2490
656
2628
2213
1152
2316
505
3030
-2397
3352
1275
1587
-1341
6203
6376
630
-873
-429
1097
3012
708
900
6051
-722
1090
3143
713
-1905
-1844
-1479
