137728017
90147833
149506062
93483568
133742409
90700993
123861288
88092697
102844610
70197219
114546920
77946582
152974389
105531064
80361168
47766152
132763253
84957073
104041911
69177223
129798476
89353979
109902423
72957057
154021058
101735987
148604764
99129608
143826744
91860859
144465336
97912905
148984157
94044776
99527194
63918624
154317918
97600415
141749371
93783379
84194898
56530300
154420361
103311466
115385995
78921277
107559957
72453923
154390121
109375216
97223663
66116729
125833799
83885781
99415843
65904550
115337171
81461066
91868861
57958042
90971771
59690981
155136603
101437120
85092056
52337753
114535333
69267244
140520973
96801019
110472763
75786173
144806703
94371980
140764486
92616453
92077170
58163205
111643583
77004501
142068314
99188839
88862975
57259248
116438309
77927872
156530389
109310662
96436969
63741865
153821400
108055064
130984577
94660968
104093802
65913585
96170488
61705430
142250439
98394512
140161517
89671022
129739142
92275577
133159279
86648213
157334958
111805958
149986049
93264102
106138349
71163942
153743501
100409430
93670839
57053837
129760222
85359963
139408224
87823139
137534794
92439134
96583231
59362519
154787979
98772705
136783243
85782516
90692298
60218227
112077497
73755099
100915534
61106891
88483406
60490354
108803511
68794153
127514245
87242083
81422403
48578108
107935854
70515374
152223379
99744158
89180695
55879624
105442751
66047712
106771065
70832847
154463113
104153014
86436169
55660825
122562239
77205673
121892637
82970348
110827644
67426368
92073411
57400629
91961333
58389367
117603343
73631097
132895253
86852047
103207512
63955078
113583247
78727614
120139010
79126960
101149455
63998713
115909672
73371075
133227034
87345900
126453872
85816891
128093434
86977414
98419438
61163061
141836708
90174157
84848912
54662082
119228624
79401958
84793219
52135694
98266274
59973264
82003250
55338452
101424560
2847424
112338337
8041053
124089012
7319126
148834917
3889944
99303172
5701439
108616969
13058585
143623394
5407881
132766109
20576784
143662209
5696051
136090923
6995638
101318889
8956534
132897867
2921382
95623644
10788349
107505326
3901536
132560864
17816890
125905230
4162884
96582882
4034390
140437236
9407431
155879694
5218788
100034888
2664194
103368747
7282484
137935336
15305523
144008600
23408690
125961282
12080364
98982912
14253318
136872607
24933204
90095129
9713889
101869075
12042005
100809160
12465638
80369307
16907585
133548358
8819053
148370141
4526925
127454311
19882473
111454822
19550923
160196858
13280043
102913893
1823228
103159785
18787878
110447309
9108521
100681263
9078932
131768954
12016302
154924440
9450984
94311552
2241342
127352584
20130872
88125328
6672462
132760123
4360196
104031986
13248720
134299743
6518195
155752114
5977672
130856521
12683031
100861736
11431337
151359426
5252782
108279732
2631088
91734121
5256456
96208996
5487145
98719326
24741939
142557422
15126475
138628457
3375022
152005334
8982266
141585042
15121042
103851795
4215895
94198787
6846595
138749994
7461329
156626797
8956083
148421836
4598624
119645500
10831700
103937812
7766151
116951917
10103510
157180183
10679958
139826516
5898366
112769944
11573366
144554691
9312110
116502732
8262371
115187330
7919496
133002057
10274022
101553529
4949841
125780868
3714740
124005724
6035144
125674387
7223277
122574295
8317214
87926635
7414470
96548776
9236614
120905552
5941532
150863879
2738921
86400661
12309093
158881232
13295253
147248809
4824637
135304182
20432909
126646865
12217381
114008002
20250663
149206515
8150510
156677131
5396705
103660910
10759245
89551217
5477212
104890055
4581743
88391152
6905739
92347735
4611545
110837106
5772729
86098680
9923573
109489897
9607627
114205144
5803034
152181412
46728290
84878547
75577023
90829273
64241544
85559746
40085625
115587523
54495354
145962503
29462212
133636643
76078763
155782729
72791927
139150894
51270215
132785893
118861448
156525256
77188172
140818981
48723732
117316539
67511882
85756202
75202614
112300952
49162574
116123963
68859501
138146186
72848273
136518597
72328387
85231449
20531810
155074795
46360828
118859923
65468576
104897976
57318997
129492586
75259780
86035654
70010387
137012691
40283116
107342707
76707060
103212776
91294379
107686566
46608948
119519444
47298521
157025907
96038088
115987106
85925713
137281074
55421522
85951823
76489800
100138248
34370098
102523740
64582898
84672330
71602166
84983402
46310094
131394121
81839920
103201559
92108315
104341726
63185377
137393495
71895144
136535320
79643424
105460966
67492496
119057231
108678545
141720953
26363880
129130875
45580896
153817519
112275766
145778640
44456100
152871759
48830346
140633401
128007530
97400060
65479702
152015894
99481056
105649257
40131298
104472643
58153045
94485888
86068014
131160000
69241358
92484106
83834006
94608935
85610184
118302827
53160580
153850583
57269022
85750676
75524216
112620207
52530495
114167337
52587681
130999391
81285510
136303751
16859239
84234377
75529876
79679151
27869416
102998780
88482022
82041922
67098212
106215663
96112119
99920715
89572111
130005849
43687737
125719865
55131523
138979920
26519721
115961437
34666804
118406584
82770669
144113194
74289108
110281104
58839168
114591675
48605148
134429920
49105003
81553802
54571235
92495539
68018797
113400112
101228469
86803939
75695554
105173516
77722337
87216253
43029326
89270870
81232667
149670021
77595526
106751052
35814739
158957653
61566317
92000289
70491101
110899806
30644661
142240668
126890417
149385442
101355245
133541131
54769251
156843412
30831603
148743399
34928432
140665997
63507090
91943411
45921078
109394919
17674140
46728290
75577023
64241544
40085625
54495354
29462212
76078763
72791927
51270215
118861448
77188172
48723732
67511882
75202614
49162574
68859501
72848273
72328387
20531810
46360828
65468576
57318997
75259780
70010387
40283116
76707060
91294379
46608948
47298521
96038088
85925713
55421522
76489800
34370098
64582898
71602166
46310094
81839920
92108315
63185377
71895144
79643424
67492496
108678545
26363880
45580896
112275766
44456100
48830346
128007530
65479702
99481056
40131298
58153045
86068014
69241358
83834006
85610184
53160580
57269022
75524216
52530495
52587681
81285510
16859239
75529876
27869416
88482022
67098212
96112119
89572111
43687737
55131523
26519721
34666804
82770669
74289108
58839168
48605148
49105003
54571235
68018797
101228469
75695554
77722337
43029326
81232667
77595526
35814739
61566317
70491101
30644661
126890417
101355245
54769251
30831603
34928432
63507090
45921078
17674140
46728290
75573024
64241544
40085625
54495354
29462212
76078763
72791927
51270215
118855171
77188172
48723732
67511882
75198895
49162574
68859501
72848273
72328387
20531810
46360828
65468576
57318997
75259780
70010387
40283116
76707060
91289236
46608948
47298521
96038088
85925713
55421522
76485300
34370098
64582898
71602166
46310094
81839920
92103087
63185377
71895144
79643424
67492496
108672786
26363880
45580896
112275766
44456100
48830346
128001504
65479702
99481056
40131298
58153045
86063027
69241358
83829414
85605592
53160580
57269022
75518978
52530495
52587681
81285510
16859239
75526076
27869416
88482022
67098212
96106284
89567511
43687737
55131523
26519721
34666804
82770669
74289108
58839168
48605148
49105003
54571235
68018797
101228469
75691137
77722337
43029326
81227765
77595526
35814739
61566317
70491101
30644661
126882591
101355245
54769251
30831603
34928432
63507090
45921078
17674140
96006273
108533769
86512226
108802271
61879818
88668533
100950917
84927488
75718885
97999240
101148227
120937914
73496003
86112061
98080223
112576153
71054682
114218589
127791609
49678425
136700792
139356531
103611462
90709263
116232682
60990916
112064989
83199663
93753647
80272299
79165656
102682314
85106198
93920230
120381780
91574609
97559168
137413125
83520789
120293210
84181660
112309264
121578831
110011026
129032176
98416918
90083088
122142275
105502837
107426253
137343726
112332578
118669390
99504664
82616397
72106714
118512330
77251203
115942756
94326284
90670423
91809680
133560838
122526109
122585228
90282394
121500918
125060243
111795096
88886870
139726395
72415144
124384971
129611349
62800242
81721796
111855918
100875420
93684506
67849549
92562419
81597595
98491657
117976498
74020034
129622535
83599291
122115165
114720189
59458228
113314292
146644396
96021237
101758979
93285272
117420141
74634563
66886561
120954407
128754103
0 13461 0.0
13462 17321 0.06
17322 19396 0.1
19397 23970 0.13
23971 27407 0.17
27408 35190 0.19
35191 46956 0.22
46957 62015 0.25
62016 81559 0.27
81560 97605 0.3
97606 125542 0.32
125543 156644 0.34
156645 187940 0.36
187941 229434 0.38
229435 275900 0.41
275901 317172 0.43
317173 422377 0.45
422378 524027 0.46
524028 683050 0.48
683051 877348 0.5
877349 1076566 0.52
1076567 1370291 0.54
1370292 1572829 0.56
1572830 1834815 0.58
1834816 2222540 0.59
2222541 2959907 0.61
2959908 3765304 0.63
3765305 4686464 0.64
4686465 5365176 0.66
5365177 7144863 0.68
7144864 8767530 0.69
8767531 10303885 0.71
10303886 12233798 0.73
12233799 16303682 0.74
16303683 20245941 0.76
20245942 26420873 0.77
26420874 33291601 0.79
33291602 40094649 0.8
40094650 50434434 0.82
50434435 67398066 0.84
67398067 76697323 0.85
76697324 91439257 0.87
91439258 118248921 0.88
118248922 149274224 0.89
149274225 179025832 0.91
179025833 199392743 0.92
199392744 249638403 0.94
249638404 308359415 0.95
308359416 392093534 0.97
392093535 456836957 0.98
456836958 508852436 1.0
0 13461 0.0 13461
13462 17321 0.06 3859
17322 19396 0.1 2074
19397 23970 0.13 4573
23971 27407 0.17 3436
27408 35190 0.19 7782
35191 46956 0.22 11765
46957 62015 0.25 15058
62016 81559 0.27 19543
81560 97605 0.3 16045
97606 125542 0.32 27936
125543 156644 0.34 31101
156645 187940 0.36 31295
187941 229434 0.38 41493
229435 275900 0.41 46465
275901 317172 0.43 41271
317173 422377 0.45 105204
422378 524027 0.46 101649
524028 683050 0.48 159022
683051 877348 0.5 194297
877349 1076566 0.52 199217
1076567 1370291 0.54 293724
1370292 1572829 0.56 202537
1572830 1834815 0.58 261985
1834816 2222540 0.59 387724
2222541 2959907 0.61 737366
2959908 3765304 0.63 805396
3765305 4686464 0.64 921159
4686465 5365176 0.66 678711
5365177 7144863 0.68 1779686
7144864 8767530 0.69 1622666
8767531 10303885 0.71 1536354
10303886 12233798 0.73 1929912
12233799 16303682 0.74 4069883
16303683 20245941 0.76 3942258
20245942 26420873 0.77 6174931
26420874 33291601 0.79 6870727
33291602 40094649 0.8 6803047
40094650 50434434 0.82 10339784
50434435 67398066 0.84 16963631
67398067 76697323 0.85 9299256
76697324 91439257 0.87 14741933
91439258 118248921 0.88 26809663
95994428
0 14879 0.0
14880 19559 0.06
19560 24586 0.1
24587 27297 0.13
27298 35005 0.17
35006 40811 0.19
40812 47708 0.22
47709 58950 0.25
58951 67692 0.27
67693 77215 0.3
77216 94402 0.32
94403 111988 0.34
111989 141311 0.36
141312 188470 0.38
188471 228537 0.41
228538 275062 0.43
275063 307714 0.45
307715 385014 0.46
385015 447440 0.48
447441 502930 0.5
502931 598837 0.52
598838 723903 0.54
723904 915148 0.56
915149 1205863 0.58
1205864 1339677 0.59
1339678 1633688 0.61
1633689 1951364 0.63
1951365 2356208 0.64
2356209 2598759 0.66
2598760 3170750 0.68
3170751 3841906 0.69
3841907 4697788 0.71
4697789 5857353 0.73
5857354 6958834 0.74
6958835 8280943 0.76
8280944 9479693 0.77
9479694 10651417 0.79
10651418 12812025 0.8
12812026 16111138 0.82
16111139 20195047 0.84
20195048 26674861 0.85
26674862 33496966 0.87
33496967 36865716 0.88
36865717 46314867 0.89
46314868 50987724 0.91
50987725 61710604 0.92
61710605 80073856 0.94
80073857 100603522 0.95
100603523 125687935 0.97
125687936 156896990 0.98
156896991 186815832 1.0
0 14879 0.0 14879
14880 19559 0.06 4679
19560 24586 0.1 5026
24587 27297 0.13 2710
27298 35005 0.17 7707
35006 40811 0.19 5805
40812 47708 0.22 6896
47709 58950 0.25 11241
58951 67692 0.27 8741
67693 77215 0.3 9522
77216 94402 0.32 17186
94403 111988 0.34 17585
111989 141311 0.36 29322
141312 188470 0.38 47158
188471 228537 0.41 40066
228538 275062 0.43 46524
275063 307714 0.45 32651
307715 385014 0.46 77299
385015 447440 0.48 62425
447441 502930 0.5 55489
502931 598837 0.52 95906
598838 723903 0.54 125065
723904 915148 0.56 191244
915149 1205863 0.58 290714
1205864 1339677 0.59 133813
1339678 1633688 0.61 294010
1633689 1951364 0.63 317675
1951365 2356208 0.64 404843
2356209 2598759 0.66 242550
2598760 3170750 0.68 571990
3170751 3841906 0.69 671155
3841907 4697788 0.71 855881
4697789 5857353 0.73 1159564
5857354 6958834 0.74 1101480
6958835 8280943 0.76 1322108
8280944 9479693 0.77 1198749
9479694 10651417 0.79 1171723
10651418 12812025 0.8 2160607
12812026 16111138 0.82 3299112
16111139 20195047 0.84 4083908
20195048 26674861 0.85 6479813
26674862 33496966 0.87 6822104
33496967 36865716 0.88 3368749
36865717 46314867 0.89 9449150
46314868 50987724 0.91 4672856
50987725 61710604 0.92 10722879
61710605 80073856 0.94 18363251
80073857 100603522 0.95 20529665
100603523 125687935 0.97 25084412
108519337
0 9973 0.0
9974 12414 0.06
12415 16603 0.1
16604 20855 0.13
20856 25855 0.17
25856 34634 0.19
34635 42121 0.22
42122 48355 0.25
48356 58461 0.27
58462 71126 0.3
71127 85229 0.32
85230 101872 0.34
101873 116832 0.36
116833 141670 0.38
141671 161993 0.41
161994 193047 0.43
193048 218628 0.45
218629 282066 0.46
282067 312489 0.48
312490 408678 0.5
408679 503999 0.52
504000 627465 0.54
627466 778067 0.56
778068 938762 0.58
938763 1041878 0.59
1041879 1369882 0.61
1369883 1746779 0.63
1746780 2273673 0.64
2273674 2895178 0.66
2895179 3752963 0.68
3752964 4915205 0.69
4915206 6428968 0.71
6428969 8259681 0.73
8259682 9494493 0.74
9494494 11622101 0.76
11622102 14203211 0.77
14203212 17347378 0.79
17347379 21275467 0.8
21275468 27586712 0.82
27586713 32345470 0.84
32345471 36415523 0.85
36415524 43957809 0.87
43957810 55262698 0.88
55262699 68607200 0.89
68607201 87785559 0.91
87785560 103527718 0.92
103527719 115569495 0.94
115569496 134708047 0.95
134708048 155264821 0.97
155264822 202283928 0.98
202283929 256719790 1.0
0 9973 0.0 9973
9974 12414 0.06 2440
12415 16603 0.1 4188
16604 20855 0.13 4251
20856 25855 0.17 4999
25856 34634 0.19 8778
34635 42121 0.22 7486
42122 48355 0.25 6233
48356 58461 0.27 10105
58462 71126 0.3 12664
71127 85229 0.32 14102
85230 101872 0.34 16642
101873 116832 0.36 14959
116833 141670 0.38 24837
141671 161993 0.41 20322
161994 193047 0.43 31053
193048 218628 0.45 25580
218629 282066 0.46 63437
282067 312489 0.48 30422
312490 408678 0.5 96188
408679 503999 0.52 95320
504000 627465 0.54 123465
627466 778067 0.56 150601
778068 938762 0.58 160694
938763 1041878 0.59 103115
1041879 1369882 0.61 328003
1369883 1746779 0.63 376896
1746780 2273673 0.64 526893
2273674 2895178 0.66 621504
2895179 3752963 0.68 857784
3752964 4915205 0.69 1162241
4915206 6428968 0.71 1513762
6428969 8259681 0.73 1830712
8259682 9494493 0.74 1234811
9494494 11622101 0.76 2127607
11622102 14203211 0.77 2581109
14203212 17347378 0.79 3144166
17347379 21275467 0.8 3928088
21275468 27586712 0.82 6311244
27586713 32345470 0.84 4758757
32345471 36415523 0.85 4070052
36415524 43957809 0.87 7542285
43957810 55262698 0.88 11304888
55262699 68607200 0.89 13344501
68607201 87785559 0.91 19178358
87785560 103527718 0.92 15742158
86503051
95994428
108519337
86503051
108794699
61879818
88658667
100936916
84913667
75710524
97987214
101140694
120929026
73484724
86102439
98070509
112566173
71044670
114204629
127785006
49678425
136691787
139346420
103604635
90697553
116220723
60990916
112051818
83190256
93742598
80263586
79155892
102674533
85099826
93920230
120376792
91561458
97548726
137405747
83520789
120288027
84174470
112298980
121567953
110003228
129023398
98404715
90076702
122132048
105490376
107426253
137329508
112319506
118662363
99504664
82606531
72098138
118504348
77244242
115942756
94319035
90670423
91803611
133547036
122519285
122575616
90275172
121489502
125047063
111786185
88878535
139716411
72401152
124373717
129599718
62800242
81721796
111846618
100875420
93674493
67849549
92552461
81597595
98482286
117967418
74020034
129610585
83590030
122107087
114711219
59458228
113304397
146638096
96012629
101748197
93279939
117412461
74622782
66886561
120943972
128742015
