954720
594048
388080
549780
343200
249600
518400
709632
898560
1772928
357000
476000
867000
625328
764218
1356277
329472
691200
930240
620928
432000
640000
921600
842688
1028160
672000
806400
742560
1228800
1147619
661232
716800
686400
374400
383040
582400
954720
671840
532950
436800
678912
774345
933120
560560
720000
858330
875160
599040
1108800
283140
615600
524160
1343680
384384
453600
1176000
720720
553280
790020
709632
411840
476000
1945600
929214
1305600
696960
957600
600457
353600
795872
635040
1370880
1299600
901680
545870
1067040
682176
452540
383040
746130
598752
495040
648000
760760
559776
1023264
423360
1302336
633600
1325592
730080
481338
453600
1279080
435600
786258
1094400
1021440
582120
381480
