2347.71
3159.51
1206.5
4459.44
2060.61
3310.42
3680.43
2516.09
3321.61
2304.59
3081.0
3560.21
2314.66
2765.93
3218.48
3305.63
2576.28
2228.21
3388.15
3502.42
1956.09
3234.45
1407.78
3443.97
4324.16
2029.05
2495.21
2268.75
1863.69
1810.76
4027.71
2457.39
1620.63
1937.73
3776.84
1993.0
3461.2
1373.03
3460.22
4068.13
2831.0
2870.25
762.16
1856.29
3535.45
3270.1
3596.51
3126.08
4093.0
3649.17
1782.88
3380.18
2174.96
2862.28
2751.84
1122.74
1419.98
3740.46
3386.24
3560.02
1733.82
3051.28
3831.01
3013.83
2812.25
1633.55
3053.53
3536.42
2037.68
3655.17
4581.21
2867.32
1447.34
2337.54
2200.09
1779.06
2222.32
2611.63
2392.48
3821.08
4982.53
3275.96
1704.63
2321.15
3607.67
3892.01
3151.86
2793.56
3379.99
3027.61
2811.02
3951.97
1681.81
4666.93
1122.81
2405.41
4086.76
4730.66
3112.95
3367.96
2248.63
2163.2
1202.45
2302.82
2058.45
2394.78
3660.27
2242.45
3317.7
2137.74
3030.14
2466.06
2071.08
1727.02
2562.19
2838.03
2571.41
2048.98
1062.44
2731.82
1913.34
3042.73
1237.78
3443.52
4236.89
1990.59
2340.33
1607.2
1844.76
1797.34
3152.05
2365.2
1530.19
1937.73
3414.11
1749.94
1719.12
1356.08
3456.27
2634.54
2672.4
2249.31
762.14
1832.74
3264.87
2883.12
3353.78
2506.08
4082.25
3608.65
1728.51
3177.76
2149.0
2360.43
2526.62
1122.18
1413.27
3740.01
3264.95
3348.98
1565.99
2776.54
3724.59
3007.61
2159.76
1624.14
2942.53
3441.95
2035.78
3652.78
3989.43
2855.82
1429.99
2250.25
2192.29
1733.65
2137.19
2499.64
2377.54
3779.15
4128.08
2209.53
1640.79
1585.21
1759.13
3693.92
3106.31
2636.41
3372.72
2186.92
2651.95
3810.77
1640.64
3856.97
1024.68
2291.43
3014.68
4696.85
2631.57
3290.35
2248.63
2163.2
1202.45
2302.82
2058.45
2394.78
3660.27
2242.45
3317.7
2137.74
3030.14
2466.06
2071.08
1727.02
2562.19
2838.03
2571.41
2048.98
1062.44
2731.82
1913.34
3042.73
1237.78
3443.52
4236.89
1990.59
2340.33
1607.2
1844.76
1797.34
3152.05
2365.2
1530.19
1937.73
3414.11
1749.94
1719.12
1356.08
3456.27
2634.54
2672.4
2249.31
762.14
1832.74
3264.87
2883.12
3353.78
2506.08
4082.25
3608.65
1728.51
3177.76
2149.0
2360.43
2526.62
1122.18
1413.27
3740.01
3264.95
3348.98
1565.99
2776.54
3724.59
3007.61
2159.76
1624.14
2942.53
3441.95
2035.78
3652.78
3989.43
2855.82
1429.99
2250.25
2192.29
1733.65
2137.19
2499.64
2377.54
3779.15
4128.08
2209.53
1640.79
1585.21
1759.13
3693.92
3106.31
2636.41
3372.72
2186.92
2651.95
3810.77
1640.64
3856.97
1024.68
2291.43
3014.68
4696.85
2631.57
3290.35
