1058400
979200
380160
798720
392700
356400
684684
954720
1617280
940032
684000
297000
1106560
1422720
296208
884000
790704
866970
499200
1306858
424710
471744
502656
795600
320320
990080
915552
1111500
378000
442442
526680
585200
722304
514800
891072
823650
1162800
655200
1109760
771120
844740
812250
997920
612612
173030
399360
522720
748800
1026432
648648
605880
361152
632060
1104660
1292760
779760
360360
554400
348480
639540
448800
518700
453600
748800
612000
591360
345576
445500
822528
1136960
631800
597740
459680
284592
402220
723520
565488
561600
334620
221000
820800
612000
711360
1489600
462400
286000
1098162
508640
520200
638400
604800
842400
489600
746368
491568
382500
726180
1395360
617100
556920
