83-88-836 = -841
sum = 0 + -841 = -841
sum %= 10**7  =  9999159
33+6.18+6937 = 6976.18
sum = 9999159 + 6976.18 = 10006135.18
sum %= 10**7  =  6135.18
649+1136-110 = 1675
sum = 6135.18 + 1675 = 7810.18
sum %= 10**7  =  7810.18
2-406+75 = -329
sum = 7810.18 + -329 = 7481.18
sum %= 10**7  =  7481.18
8097-77+6.5664 = 8026.57
sum = 7481.18 + 8026.57 = 15507.75
sum %= 10**7  =  15507.75
3930-3-75 = 3852
sum = 15507.75 + 3852 = 19359.75
sum %= 10**7  =  19359.75
12-698+2.630 = -683.37
sum = 19359.75 + -683.37 = 18676.38
sum %= 10**7  =  18676.38
18676.38
