95994413
108519318
86503034
108794681
61879848
88658649
100936898
84913649
75710506
97987198
101140677
120929007
73484708
86102423
98070489
112566153
71044651
114204611
127784986
49678454
136691770
139346399
103604618
90697533
116220705
60990946
112051800
83190238
93742582
80263566
79155875
102674514
85099805
93920259
120376772
91561441
97548707
137405727
83520819
120288008
84174451
112298961
121567934
110003208
129023379
98404698
90076684
122132030
105490356
107426283
137329489
112319488
118662343
99504694
82606512
72098119
118504330
77244223
115942786
94319017
90670453
91803592
133547018
122519266
122575596
90275153
121489482
125047046
111786166
88878516
139716392
72401134
124373700
129599700
62800272
81721826
111846601
100875450
93674476
67849578
92552443
81597624
98482266
117967398
74020064
129610567
83590013
122107067
114711200
59458257
113304378
146638077
96012610
101748179
93279920
117412441
74622765
66886591
120943952
128741997
